Determining if the pthread_create exist failed with the following output:
Change Dir: /projects/caffe-yolo/build/CMakeFiles/CMakeTmp

Run Build Command:"/usr/bin/make" "cmTC_d677f/fast"
/usr/bin/make -f CMakeFiles/cmTC_d677f.dir/build.make CMakeFiles/cmTC_d677f.dir/build
make[1]: Entering directory '/projects/caffe-yolo/build/CMakeFiles/CMakeTmp'
Building C object CMakeFiles/cmTC_d677f.dir/CheckSymbolExists.c.o
/usr/bin/cc    -fPIC    -o CMakeFiles/cmTC_d677f.dir/CheckSymbolExists.c.o   -c /projects/caffe-yolo/build/CMakeFiles/CMakeTmp/CheckSymbolExists.c
Linking C executable cmTC_d677f
/usr/bin/cmake -E cmake_link_script CMakeFiles/cmTC_d677f.dir/link.txt --verbose=1
/usr/bin/cc  -fPIC     CMakeFiles/cmTC_d677f.dir/CheckSymbolExists.c.o  -o cmTC_d677f -rdynamic 
CMakeFiles/cmTC_d677f.dir/CheckSymbolExists.c.o: In function `main':
CheckSymbolExists.c:(.text+0x1b): undefined reference to `pthread_create'
collect2: error: ld returned 1 exit status
CMakeFiles/cmTC_d677f.dir/build.make:97: recipe for target 'cmTC_d677f' failed
make[1]: *** [cmTC_d677f] Error 1
make[1]: Leaving directory '/projects/caffe-yolo/build/CMakeFiles/CMakeTmp'
Makefile:126: recipe for target 'cmTC_d677f/fast' failed
make: *** [cmTC_d677f/fast] Error 2

File /projects/caffe-yolo/build/CMakeFiles/CMakeTmp/CheckSymbolExists.c:
/* */
#include <pthread.h>

int main(int argc, char** argv)
{
  (void)argv;
#ifndef pthread_create
  return ((int*)(&pthread_create))[argc];
#else
  (void)argc;
  return 0;
#endif
}

Determining if the function pthread_create exists in the pthreads failed with the following output:
Change Dir: /projects/caffe-yolo/build/CMakeFiles/CMakeTmp

Run Build Command:"/usr/bin/make" "cmTC_a5a78/fast"
/usr/bin/make -f CMakeFiles/cmTC_a5a78.dir/build.make CMakeFiles/cmTC_a5a78.dir/build
make[1]: Entering directory '/projects/caffe-yolo/build/CMakeFiles/CMakeTmp'
Building C object CMakeFiles/cmTC_a5a78.dir/CheckFunctionExists.c.o
/usr/bin/cc    -fPIC -DCHECK_FUNCTION_EXISTS=pthread_create   -o CMakeFiles/cmTC_a5a78.dir/CheckFunctionExists.c.o   -c /usr/share/cmake-3.5/Modules/CheckFunctionExists.c
Linking C executable cmTC_a5a78
/usr/bin/cmake -E cmake_link_script CMakeFiles/cmTC_a5a78.dir/link.txt --verbose=1
/usr/bin/cc  -fPIC -DCHECK_FUNCTION_EXISTS=pthread_create    CMakeFiles/cmTC_a5a78.dir/CheckFunctionExists.c.o  -o cmTC_a5a78 -rdynamic -lpthreads 
/usr/bin/ld: cannot find -lpthreads
collect2: error: ld returned 1 exit status
CMakeFiles/cmTC_a5a78.dir/build.make:97: recipe for target 'cmTC_a5a78' failed
make[1]: *** [cmTC_a5a78] Error 1
make[1]: Leaving directory '/projects/caffe-yolo/build/CMakeFiles/CMakeTmp'
Makefile:126: recipe for target 'cmTC_a5a78/fast' failed
make: *** [cmTC_a5a78/fast] Error 2


